TN:
SF:src\index.ts
FN:37,(anonymous_1)
FN:48,(anonymous_2)
FN:76,(anonymous_3)
FN:88,(anonymous_4)
FNF:4
FNH:0
FNDA:0,(anonymous_1)
FNDA:0,(anonymous_2)
FNDA:0,(anonymous_3)
FNDA:0,(anonymous_4)
DA:1,0
DA:2,0
DA:3,0
DA:4,0
DA:5,0
DA:6,0
DA:7,0
DA:8,0
DA:9,0
DA:12,0
DA:14,0
DA:15,0
DA:16,0
DA:17,0
DA:19,0
DA:22,0
DA:30,0
DA:31,0
DA:34,0
DA:37,0
DA:38,0
DA:48,0
DA:49,0
DA:73,0
DA:76,0
DA:77,0
DA:85,0
DA:88,0
DA:89,0
DA:90,0
DA:91,0
DA:92,0
DA:95,0
LF:33
LH:0
BRF:0
BRH:0
end_of_record
TN:
SF:src\config\env.ts
FNF:0
FNH:0
DA:1,2
DA:3,2
DA:5,2
DA:34,2
DA:42,2
DA:43,10
DA:44,0
LF:7
LH:6
BRDA:7,0,0,2
BRDA:7,0,1,0
BRDA:8,1,0,2
BRDA:8,1,1,0
BRDA:9,2,0,2
BRDA:9,2,1,0
BRDA:19,3,0,2
BRDA:19,3,1,0
BRDA:20,4,0,2
BRDA:20,4,1,0
BRDA:23,5,0,2
BRDA:23,5,1,2
BRDA:24,6,0,2
BRDA:24,6,1,2
BRDA:28,7,0,2
BRDA:28,7,1,2
BRDA:43,8,0,0
BRF:17
BRH:11
end_of_record
TN:
SF:src\config\supabaseClient.ts
FNF:0
FNH:0
DA:1,0
DA:2,0
DA:5,0
DA:18,0
LF:4
LH:0
BRF:0
BRH:0
end_of_record
TN:
SF:src\controllers\auth.controller.ts
FN:8,(anonymous_0)
FN:18,(anonymous_1)
FN:28,(anonymous_2)
FN:38,(anonymous_3)
FNF:4
FNH:0
FNDA:0,(anonymous_0)
FNDA:0,(anonymous_1)
FNDA:0,(anonymous_2)
FNDA:0,(anonymous_3)
DA:2,0
DA:5,0
DA:7,0
DA:8,0
DA:9,0
DA:11,0
DA:12,0
DA:14,0
DA:18,0
DA:19,0
DA:21,0
DA:22,0
DA:24,0
DA:28,0
DA:29,0
DA:31,0
DA:32,0
DA:34,0
DA:38,0
DA:39,0
DA:40,0
DA:42,0
LF:22
LH:0
BRDA:11,0,0,0
BRDA:11,0,1,0
BRDA:21,1,0,0
BRDA:21,1,1,0
BRDA:31,2,0,0
BRDA:31,2,1,0
BRF:6
BRH:0
end_of_record
TN:
SF:src\controllers\client.controller.ts
FN:5,(anonymous_0)
FN:22,(anonymous_1)
FN:39,(anonymous_2)
FN:56,(anonymous_3)
FN:73,(anonymous_4)
FN:91,(anonymous_5)
FN:108,(anonymous_6)
FN:125,(anonymous_7)
FN:142,(anonymous_8)
FN:160,(anonymous_9)
FN:177,(anonymous_10)
FN:194,(anonymous_11)
FN:212,(anonymous_12)
FN:229,(anonymous_13)
FN:246,(anonymous_14)
FN:264,(anonymous_15)
FN:281,(anonymous_16)
FN:298,(anonymous_17)
FN:315,(anonymous_18)
FN:332,(anonymous_19)
FN:350,(anonymous_20)
FN:367,(anonymous_21)
FN:384,(anonymous_22)
FN:401,(anonymous_23)
FN:419,(anonymous_24)
FN:436,(anonymous_25)
FN:453,(anonymous_26)
FN:470,(anonymous_27)
FN:487,(anonymous_28)
FN:504,(anonymous_29)
FN:521,(anonymous_30)
FN:538,(anonymous_31)
FN:555,(anonymous_32)
FN:572,(anonymous_33)
FN:589,(anonymous_34)
FN:606,(anonymous_35)
FN:623,(anonymous_36)
FN:640,(anonymous_37)
FN:657,(anonymous_38)
FN:674,(anonymous_39)
FNF:40
FNH:0
FNDA:0,(anonymous_0)
FNDA:0,(anonymous_1)
FNDA:0,(anonymous_2)
FNDA:0,(anonymous_3)
FNDA:0,(anonymous_4)
FNDA:0,(anonymous_5)
FNDA:0,(anonymous_6)
FNDA:0,(anonymous_7)
FNDA:0,(anonymous_8)
FNDA:0,(anonymous_9)
FNDA:0,(anonymous_10)
FNDA:0,(anonymous_11)
FNDA:0,(anonymous_12)
FNDA:0,(anonymous_13)
FNDA:0,(anonymous_14)
FNDA:0,(anonymous_15)
FNDA:0,(anonymous_16)
FNDA:0,(anonymous_17)
FNDA:0,(anonymous_18)
FNDA:0,(anonymous_19)
FNDA:0,(anonymous_20)
FNDA:0,(anonymous_21)
FNDA:0,(anonymous_22)
FNDA:0,(anonymous_23)
FNDA:0,(anonymous_24)
FNDA:0,(anonymous_25)
FNDA:0,(anonymous_26)
FNDA:0,(anonymous_27)
FNDA:0,(anonymous_28)
FNDA:0,(anonymous_29)
FNDA:0,(anonymous_30)
FNDA:0,(anonymous_31)
FNDA:0,(anonymous_32)
FNDA:0,(anonymous_33)
FNDA:0,(anonymous_34)
FNDA:0,(anonymous_35)
FNDA:0,(anonymous_36)
FNDA:0,(anonymous_37)
FNDA:0,(anonymous_38)
FNDA:0,(anonymous_39)
DA:5,0
DA:6,0
DA:7,0
DA:14,0
DA:15,0
DA:22,0
DA:23,0
DA:24,0
DA:31,0
DA:32,0
DA:39,0
DA:40,0
DA:41,0
DA:48,0
DA:49,0
DA:56,0
DA:57,0
DA:58,0
DA:65,0
DA:66,0
DA:73,0
DA:74,0
DA:75,0
DA:82,0
DA:83,0
DA:91,0
DA:92,0
DA:93,0
DA:100,0
DA:101,0
DA:108,0
DA:109,0
DA:110,0
DA:117,0
DA:118,0
DA:125,0
DA:126,0
DA:127,0
DA:134,0
DA:135,0
DA:142,0
DA:143,0
DA:144,0
DA:151,0
DA:152,0
DA:160,0
DA:161,0
DA:162,0
DA:169,0
DA:170,0
DA:177,0
DA:178,0
DA:179,0
DA:186,0
DA:187,0
DA:194,0
DA:195,0
DA:196,0
DA:203,0
DA:204,0
DA:212,0
DA:213,0
DA:214,0
DA:221,0
DA:222,0
DA:229,0
DA:230,0
DA:231,0
DA:238,0
DA:239,0
DA:246,0
DA:247,0
DA:248,0
DA:255,0
DA:256,0
DA:264,0
DA:265,0
DA:266,0
DA:273,0
DA:274,0
DA:281,0
DA:282,0
DA:283,0
DA:290,0
DA:291,0
DA:298,0
DA:299,0
DA:300,0
DA:307,0
DA:308,0
DA:315,0
DA:316,0
DA:317,0
DA:324,0
DA:325,0
DA:332,0
DA:333,0
DA:334,0
DA:341,0
DA:342,0
DA:350,0
DA:351,0
DA:352,0
DA:359,0
DA:360,0
DA:367,0
DA:368,0
DA:369,0
DA:376,0
DA:377,0
DA:384,0
DA:385,0
DA:386,0
DA:393,0
DA:394,0
DA:401,0
DA:402,0
DA:403,0
DA:410,0
DA:411,0
DA:419,0
DA:420,0
DA:421,0
DA:428,0
DA:429,0
DA:436,0
DA:437,0
DA:438,0
DA:445,0
DA:446,0
DA:453,0
DA:454,0
DA:455,0
DA:462,0
DA:463,0
DA:470,0
DA:471,0
DA:472,0
DA:479,0
DA:480,0
DA:487,0
DA:488,0
DA:489,0
DA:496,0
DA:497,0
DA:504,0
DA:505,0
DA:506,0
DA:513,0
DA:514,0
DA:521,0
DA:522,0
DA:523,0
DA:530,0
DA:531,0
DA:538,0
DA:539,0
DA:540,0
DA:547,0
DA:548,0
DA:555,0
DA:556,0
DA:557,0
DA:564,0
DA:565,0
DA:572,0
DA:573,0
DA:574,0
DA:581,0
DA:582,0
DA:589,0
DA:590,0
DA:591,0
DA:598,0
DA:599,0
DA:606,0
DA:607,0
DA:608,0
DA:615,0
DA:616,0
DA:623,0
DA:624,0
DA:625,0
DA:632,0
DA:633,0
DA:640,0
DA:641,0
DA:642,0
DA:649,0
DA:650,0
DA:657,0
DA:658,0
DA:659,0
DA:666,0
DA:667,0
DA:674,0
DA:675,0
DA:676,0
DA:683,0
DA:684,0
LF:200
LH:0
BRF:0
BRH:0
end_of_record
TN:
SF:src\controllers\rbac.controller.ts
FN:8,(anonymous_0)
FN:15,(anonymous_1)
FN:20,(anonymous_2)
FN:28,(anonymous_3)
FN:36,(anonymous_4)
FN:43,(anonymous_5)
FN:49,(anonymous_6)
FN:57,(anonymous_7)
FN:65,(anonymous_8)
FN:73,(anonymous_9)
FN:81,(anonymous_10)
FN:90,(anonymous_11)
FN:101,(anonymous_12)
FNF:13
FNH:0
FNDA:0,(anonymous_0)
FNDA:0,(anonymous_1)
FNDA:0,(anonymous_2)
FNDA:0,(anonymous_3)
FNDA:0,(anonymous_4)
FNDA:0,(anonymous_5)
FNDA:0,(anonymous_6)
FNDA:0,(anonymous_7)
FNDA:0,(anonymous_8)
FNDA:0,(anonymous_9)
FNDA:0,(anonymous_10)
FNDA:0,(anonymous_11)
FNDA:0,(anonymous_12)
DA:2,0
DA:3,0
DA:6,0
DA:8,0
DA:9,0
DA:10,0
DA:12,0
DA:15,0
DA:16,0
DA:17,0
DA:20,0
DA:21,0
DA:22,0
DA:23,0
DA:25,0
DA:28,0
DA:29,0
DA:30,0
DA:32,0
DA:36,0
DA:37,0
DA:38,0
DA:40,0
DA:43,0
DA:44,0
DA:45,0
DA:49,0
DA:50,0
DA:51,0
DA:52,0
DA:54,0
DA:57,0
DA:58,0
DA:59,0
DA:60,0
DA:62,0
DA:65,0
DA:66,0
DA:67,0
DA:69,0
DA:73,0
DA:74,0
DA:75,0
DA:76,0
DA:78,0
DA:81,0
DA:82,0
DA:83,0
DA:84,0
DA:86,0
DA:90,0
DA:91,0
DA:92,0
DA:94,0
DA:101,0
DA:102,0
DA:104,0
DA:105,0
DA:109,0
DA:112,0
DA:118,0
LF:61
LH:0
BRDA:12,0,0,0
BRDA:12,0,1,0
BRDA:17,1,0,0
BRDA:17,1,1,0
BRDA:25,2,0,0
BRDA:25,2,1,0
BRDA:32,3,0,0
BRDA:32,3,1,0
BRDA:40,4,0,0
BRDA:40,4,1,0
BRDA:45,5,0,0
BRDA:45,5,1,0
BRDA:54,6,0,0
BRDA:54,6,1,0
BRDA:62,7,0,0
BRDA:62,7,1,0
BRDA:69,8,0,0
BRDA:69,8,1,0
BRDA:78,9,0,0
BRDA:78,9,1,0
BRDA:86,10,0,0
BRDA:86,10,1,0
BRDA:104,11,0,0
BRDA:104,12,0,0
BRDA:104,12,1,0
BRDA:104,12,2,0
BRF:26
BRH:0
end_of_record
TN:
SF:src\controllers\hr\admin.controller.ts
FN:4,(anonymous_0)
FN:21,(anonymous_1)
FN:38,(anonymous_2)
FN:55,(anonymous_3)
FN:72,(anonymous_4)
FN:89,(anonymous_5)
FN:107,(anonymous_6)
FN:124,(anonymous_7)
FN:141,(anonymous_8)
FN:159,(anonymous_9)
FN:176,(anonymous_10)
FN:193,(anonymous_11)
FN:211,(anonymous_12)
FN:228,(anonymous_13)
FN:245,(anonymous_14)
FNF:15
FNH:0
FNDA:0,(anonymous_0)
FNDA:0,(anonymous_1)
FNDA:0,(anonymous_2)
FNDA:0,(anonymous_3)
FNDA:0,(anonymous_4)
FNDA:0,(anonymous_5)
FNDA:0,(anonymous_6)
FNDA:0,(anonymous_7)
FNDA:0,(anonymous_8)
FNDA:0,(anonymous_9)
FNDA:0,(anonymous_10)
FNDA:0,(anonymous_11)
FNDA:0,(anonymous_12)
FNDA:0,(anonymous_13)
FNDA:0,(anonymous_14)
DA:4,0
DA:5,0
DA:6,0
DA:13,0
DA:14,0
DA:21,0
DA:22,0
DA:23,0
DA:30,0
DA:31,0
DA:38,0
DA:39,0
DA:40,0
DA:47,0
DA:48,0
DA:55,0
DA:56,0
DA:57,0
DA:64,0
DA:65,0
DA:72,0
DA:73,0
DA:74,0
DA:81,0
DA:82,0
DA:89,0
DA:90,0
DA:91,0
DA:98,0
DA:99,0
DA:107,0
DA:108,0
DA:109,0
DA:116,0
DA:117,0
DA:124,0
DA:125,0
DA:126,0
DA:133,0
DA:134,0
DA:141,0
DA:142,0
DA:143,0
DA:150,0
DA:151,0
DA:159,0
DA:160,0
DA:161,0
DA:168,0
DA:169,0
DA:176,0
DA:177,0
DA:178,0
DA:185,0
DA:186,0
DA:193,0
DA:194,0
DA:195,0
DA:202,0
DA:203,0
DA:211,0
DA:212,0
DA:213,0
DA:220,0
DA:221,0
DA:228,0
DA:229,0
DA:230,0
DA:237,0
DA:238,0
DA:245,0
DA:246,0
DA:247,0
DA:254,0
DA:255,0
LF:75
LH:0
BRF:0
BRH:0
end_of_record
TN:
SF:src\controllers\hr\staff.controller.ts
FN:4,(anonymous_0)
FN:21,(anonymous_1)
FN:38,(anonymous_2)
FN:55,(anonymous_3)
FN:72,(anonymous_4)
FN:89,(anonymous_5)
FN:106,(anonymous_6)
FN:123,(anonymous_7)
FN:140,(anonymous_8)
FN:157,(anonymous_9)
FNF:10
FNH:0
FNDA:0,(anonymous_0)
FNDA:0,(anonymous_1)
FNDA:0,(anonymous_2)
FNDA:0,(anonymous_3)
FNDA:0,(anonymous_4)
FNDA:0,(anonymous_5)
FNDA:0,(anonymous_6)
FNDA:0,(anonymous_7)
FNDA:0,(anonymous_8)
FNDA:0,(anonymous_9)
DA:4,0
DA:5,0
DA:6,0
DA:13,0
DA:14,0
DA:21,0
DA:22,0
DA:23,0
DA:30,0
DA:31,0
DA:38,0
DA:39,0
DA:40,0
DA:47,0
DA:48,0
DA:55,0
DA:56,0
DA:57,0
DA:64,0
DA:65,0
DA:72,0
DA:73,0
DA:74,0
DA:81,0
DA:82,0
DA:89,0
DA:90,0
DA:91,0
DA:98,0
DA:99,0
DA:106,0
DA:107,0
DA:108,0
DA:115,0
DA:116,0
DA:123,0
DA:124,0
DA:125,0
DA:132,0
DA:133,0
DA:140,0
DA:141,0
DA:142,0
DA:149,0
DA:150,0
DA:157,0
DA:158,0
DA:159,0
DA:166,0
DA:167,0
LF:50
LH:0
BRF:0
BRH:0
end_of_record
TN:
SF:src\controllers\inventory\clerk.controller.ts
FN:7,(anonymous_0)
FN:16,(anonymous_1)
FN:25,(anonymous_2)
FN:34,(anonymous_3)
FN:43,(anonymous_4)
FN:53,(anonymous_5)
FN:63,(anonymous_6)
FN:72,(anonymous_7)
FN:81,(anonymous_8)
FN:90,(anonymous_9)
FN:100,(anonymous_10)
FN:110,(anonymous_11)
FN:119,(anonymous_12)
FN:128,(anonymous_13)
FN:137,(anonymous_14)
FN:147,(anonymous_15)
FN:157,(anonymous_16)
FN:166,(anonymous_17)
FN:176,(anonymous_18)
FN:185,(anonymous_19)
FN:195,(anonymous_20)
FN:205,(anonymous_21)
FN:214,(anonymous_22)
FN:223,(anonymous_23)
FN:232,(anonymous_24)
FN:243,(anonymous_25)
FN:252,(anonymous_26)
FN:262,(anonymous_27)
FN:271,(anonymous_28)
FN:281,(anonymous_29)
FN:290,(anonymous_30)
FN:299,(anonymous_31)
FN:308,(anonymous_32)
FN:318,(anonymous_33)
FN:327,(anonymous_34)
FNF:35
FNH:0
FNDA:0,(anonymous_0)
FNDA:0,(anonymous_1)
FNDA:0,(anonymous_2)
FNDA:0,(anonymous_3)
FNDA:0,(anonymous_4)
FNDA:0,(anonymous_5)
FNDA:0,(anonymous_6)
FNDA:0,(anonymous_7)
FNDA:0,(anonymous_8)
FNDA:0,(anonymous_9)
FNDA:0,(anonymous_10)
FNDA:0,(anonymous_11)
FNDA:0,(anonymous_12)
FNDA:0,(anonymous_13)
FNDA:0,(anonymous_14)
FNDA:0,(anonymous_15)
FNDA:0,(anonymous_16)
FNDA:0,(anonymous_17)
FNDA:0,(anonymous_18)
FNDA:0,(anonymous_19)
FNDA:0,(anonymous_20)
FNDA:0,(anonymous_21)
FNDA:0,(anonymous_22)
FNDA:0,(anonymous_23)
FNDA:0,(anonymous_24)
FNDA:0,(anonymous_25)
FNDA:0,(anonymous_26)
FNDA:0,(anonymous_27)
FNDA:0,(anonymous_28)
FNDA:0,(anonymous_29)
FNDA:0,(anonymous_30)
FNDA:0,(anonymous_31)
FNDA:0,(anonymous_32)
FNDA:0,(anonymous_33)
FNDA:0,(anonymous_34)
DA:2,0
DA:3,0
DA:5,0
DA:7,0
DA:8,0
DA:9,0
DA:16,0
DA:17,0
DA:18,0
DA:19,0
DA:25,0
DA:26,0
DA:27,0
DA:28,0
DA:34,0
DA:35,0
DA:36,0
DA:37,0
DA:43,0
DA:44,0
DA:45,0
DA:46,0
DA:47,0
DA:53,0
DA:54,0
DA:55,0
DA:56,0
DA:63,0
DA:64,0
DA:65,0
DA:66,0
DA:72,0
DA:73,0
DA:74,0
DA:75,0
DA:81,0
DA:82,0
DA:83,0
DA:84,0
DA:90,0
DA:91,0
DA:92,0
DA:93,0
DA:94,0
DA:100,0
DA:101,0
DA:102,0
DA:103,0
DA:110,0
DA:111,0
DA:112,0
DA:113,0
DA:119,0
DA:120,0
DA:121,0
DA:122,0
DA:128,0
DA:129,0
DA:130,0
DA:131,0
DA:137,0
DA:138,0
DA:139,0
DA:140,0
DA:141,0
DA:147,0
DA:148,0
DA:149,0
DA:150,0
DA:157,0
DA:158,0
DA:159,0
DA:160,0
DA:166,0
DA:167,0
DA:168,0
DA:169,0
DA:176,0
DA:177,0
DA:178,0
DA:179,0
DA:185,0
DA:186,0
DA:187,0
DA:188,0
DA:195,0
DA:196,0
DA:197,0
DA:198,0
DA:205,0
DA:206,0
DA:207,0
DA:208,0
DA:214,0
DA:215,0
DA:216,0
DA:217,0
DA:223,0
DA:224,0
DA:225,0
DA:226,0
DA:232,0
DA:233,0
DA:234,0
DA:235,0
DA:236,0
DA:243,0
DA:244,0
DA:245,0
DA:246,0
DA:252,0
DA:253,0
DA:254,0
DA:255,0
DA:262,0
DA:263,0
DA:264,0
DA:265,0
DA:271,0
DA:272,0
DA:273,0
DA:274,0
DA:281,0
DA:282,0
DA:283,0
DA:284,0
DA:290,0
DA:291,0
DA:292,0
DA:293,0
DA:299,0
DA:300,0
DA:301,0
DA:302,0
DA:308,0
DA:309,0
DA:310,0
DA:311,0
DA:318,0
DA:319,0
DA:320,0
DA:321,0
DA:327,0
DA:328,0
DA:329,0
DA:330,0
LF:146
LH:0
BRF:0
BRH:0
end_of_record
TN:
SF:src\controllers\marketing\admin.controller.ts
FN:4,(anonymous_0)
FN:21,(anonymous_1)
FN:38,(anonymous_2)
FN:55,(anonymous_3)
FN:72,(anonymous_4)
FN:89,(anonymous_5)
FN:106,(anonymous_6)
FN:123,(anonymous_7)
FN:140,(anonymous_8)
FN:157,(anonymous_9)
FN:174,(anonymous_10)
FN:191,(anonymous_11)
FN:208,(anonymous_12)
FN:225,(anonymous_13)
FN:242,(anonymous_14)
FN:259,(anonymous_15)
FN:276,(anonymous_16)
FN:293,(anonymous_17)
FNF:18
FNH:0
FNDA:0,(anonymous_0)
FNDA:0,(anonymous_1)
FNDA:0,(anonymous_2)
FNDA:0,(anonymous_3)
FNDA:0,(anonymous_4)
FNDA:0,(anonymous_5)
FNDA:0,(anonymous_6)
FNDA:0,(anonymous_7)
FNDA:0,(anonymous_8)
FNDA:0,(anonymous_9)
FNDA:0,(anonymous_10)
FNDA:0,(anonymous_11)
FNDA:0,(anonymous_12)
FNDA:0,(anonymous_13)
FNDA:0,(anonymous_14)
FNDA:0,(anonymous_15)
FNDA:0,(anonymous_16)
FNDA:0,(anonymous_17)
DA:4,0
DA:5,0
DA:6,0
DA:13,0
DA:14,0
DA:21,0
DA:22,0
DA:23,0
DA:30,0
DA:31,0
DA:38,0
DA:39,0
DA:40,0
DA:47,0
DA:48,0
DA:55,0
DA:56,0
DA:57,0
DA:64,0
DA:65,0
DA:72,0
DA:73,0
DA:74,0
DA:81,0
DA:82,0
DA:89,0
DA:90,0
DA:91,0
DA:98,0
DA:99,0
DA:106,0
DA:107,0
DA:108,0
DA:115,0
DA:116,0
DA:123,0
DA:124,0
DA:125,0
DA:132,0
DA:133,0
DA:140,0
DA:141,0
DA:142,0
DA:149,0
DA:150,0
DA:157,0
DA:158,0
DA:159,0
DA:166,0
DA:167,0
DA:174,0
DA:175,0
DA:176,0
DA:183,0
DA:184,0
DA:191,0
DA:192,0
DA:193,0
DA:200,0
DA:201,0
DA:208,0
DA:209,0
DA:210,0
DA:217,0
DA:218,0
DA:225,0
DA:226,0
DA:227,0
DA:234,0
DA:235,0
DA:242,0
DA:243,0
DA:244,0
DA:251,0
DA:252,0
DA:259,0
DA:260,0
DA:261,0
DA:268,0
DA:269,0
DA:276,0
DA:277,0
DA:278,0
DA:285,0
DA:286,0
DA:293,0
DA:294,0
DA:295,0
DA:302,0
DA:303,0
LF:90
LH:0
BRF:0
BRH:0
end_of_record
TN:
SF:src\controllers\marketing\staff.controller.ts
FN:4,(anonymous_0)
FN:21,(anonymous_1)
FN:38,(anonymous_2)
FN:55,(anonymous_3)
FN:72,(anonymous_4)
FN:89,(anonymous_5)
FNF:6
FNH:0
FNDA:0,(anonymous_0)
FNDA:0,(anonymous_1)
FNDA:0,(anonymous_2)
FNDA:0,(anonymous_3)
FNDA:0,(anonymous_4)
FNDA:0,(anonymous_5)
DA:4,0
DA:5,0
DA:6,0
DA:13,0
DA:14,0
DA:21,0
DA:22,0
DA:23,0
DA:30,0
DA:31,0
DA:38,0
DA:39,0
DA:40,0
DA:47,0
DA:48,0
DA:55,0
DA:56,0
DA:57,0
DA:64,0
DA:65,0
DA:72,0
DA:73,0
DA:74,0
DA:81,0
DA:82,0
DA:89,0
DA:90,0
DA:91,0
DA:98,0
DA:99,0
LF:30
LH:0
BRF:0
BRH:0
end_of_record
TN:
SF:src\controllers\pos\cashier.controller.ts
FN:7,(anonymous_0)
FN:16,(anonymous_1)
FN:25,(anonymous_2)
FN:41,(anonymous_3)
FN:51,(anonymous_4)
FN:60,(anonymous_5)
FN:76,(anonymous_6)
FN:85,(anonymous_7)
FN:94,(anonymous_8)
FN:105,(anonymous_9)
FN:114,(anonymous_10)
FN:123,(anonymous_11)
FN:132,(anonymous_12)
FN:142,(anonymous_13)
FN:152,(anonymous_14)
FN:161,(anonymous_15)
FN:171,(anonymous_16)
FN:180,(anonymous_17)
FN:190,(anonymous_18)
FN:199,(anonymous_19)
FN:209,(anonymous_20)
FN:218,(anonymous_21)
FN:228,(anonymous_22)
FN:237,(anonymous_23)
FN:247,(anonymous_24)
FN:257,(anonymous_25)
FN:266,(anonymous_26)
FN:276,(anonymous_27)
FN:285,(anonymous_28)
FN:294,(anonymous_29)
FNF:30
FNH:0
FNDA:0,(anonymous_0)
FNDA:0,(anonymous_1)
FNDA:0,(anonymous_2)
FNDA:0,(anonymous_3)
FNDA:0,(anonymous_4)
FNDA:0,(anonymous_5)
FNDA:0,(anonymous_6)
FNDA:0,(anonymous_7)
FNDA:0,(anonymous_8)
FNDA:0,(anonymous_9)
FNDA:0,(anonymous_10)
FNDA:0,(anonymous_11)
FNDA:0,(anonymous_12)
FNDA:0,(anonymous_13)
FNDA:0,(anonymous_14)
FNDA:0,(anonymous_15)
FNDA:0,(anonymous_16)
FNDA:0,(anonymous_17)
FNDA:0,(anonymous_18)
FNDA:0,(anonymous_19)
FNDA:0,(anonymous_20)
FNDA:0,(anonymous_21)
FNDA:0,(anonymous_22)
FNDA:0,(anonymous_23)
FNDA:0,(anonymous_24)
FNDA:0,(anonymous_25)
FNDA:0,(anonymous_26)
FNDA:0,(anonymous_27)
FNDA:0,(anonymous_28)
FNDA:0,(anonymous_29)
DA:2,0
DA:3,0
DA:5,0
DA:7,0
DA:8,0
DA:9,0
DA:16,0
DA:17,0
DA:18,0
DA:19,0
DA:25,0
DA:26,0
DA:27,0
DA:28,0
DA:34,0
DA:35,0
DA:41,0
DA:42,0
DA:43,0
DA:44,0
DA:51,0
DA:52,0
DA:53,0
DA:54,0
DA:60,0
DA:61,0
DA:62,0
DA:63,0
DA:69,0
DA:70,0
DA:76,0
DA:77,0
DA:78,0
DA:79,0
DA:85,0
DA:86,0
DA:87,0
DA:88,0
DA:94,0
DA:95,0
DA:96,0
DA:97,0
DA:98,0
DA:105,0
DA:106,0
DA:107,0
DA:108,0
DA:114,0
DA:115,0
DA:116,0
DA:117,0
DA:123,0
DA:124,0
DA:125,0
DA:126,0
DA:132,0
DA:133,0
DA:134,0
DA:135,0
DA:136,0
DA:142,0
DA:143,0
DA:144,0
DA:145,0
DA:152,0
DA:153,0
DA:154,0
DA:155,0
DA:161,0
DA:162,0
DA:163,0
DA:164,0
DA:171,0
DA:172,0
DA:173,0
DA:174,0
DA:180,0
DA:181,0
DA:182,0
DA:183,0
DA:190,0
DA:191,0
DA:192,0
DA:193,0
DA:199,0
DA:200,0
DA:201,0
DA:202,0
DA:209,0
DA:210,0
DA:211,0
DA:212,0
DA:218,0
DA:219,0
DA:220,0
DA:221,0
DA:222,0
DA:228,0
DA:229,0
DA:230,0
DA:231,0
DA:237,0
DA:238,0
DA:239,0
DA:240,0
DA:247,0
DA:248,0
DA:249,0
DA:250,0
DA:257,0
DA:258,0
DA:259,0
DA:260,0
DA:266,0
DA:267,0
DA:268,0
DA:269,0
DA:276,0
DA:277,0
DA:278,0
DA:279,0
DA:285,0
DA:286,0
DA:287,0
DA:294,0
DA:295,0
DA:296,0
LF:127
LH:0
BRDA:27,0,0,0
BRDA:62,1,0,0
BRF:2
BRH:0
end_of_record
TN:
SF:src\middleware\errorHandler.ts
FN:8,(anonymous_0)
FN:62,(anonymous_1)
FN:69,(anonymous_2)
FN:70,(anonymous_3)
FNF:4
FNH:0
FNDA:0,(anonymous_0)
FNDA:0,(anonymous_1)
FNDA:0,(anonymous_2)
FNDA:0,(anonymous_3)
DA:8,0
DA:14,0
DA:15,0
DA:18,0
DA:29,0
DA:30,0
DA:31,0
DA:32,0
DA:33,0
DA:34,0
DA:35,0
DA:36,0
DA:37,0
DA:38,0
DA:39,0
DA:40,0
DA:41,0
DA:42,0
DA:43,0
DA:47,0
DA:48,0
DA:51,0
DA:62,0
DA:63,0
DA:64,0
DA:65,0
DA:69,0
DA:70,0
DA:71,0
LF:29
LH:0
BRDA:14,0,0,0
BRDA:14,0,1,0
BRDA:15,1,0,0
BRDA:15,1,1,0
BRDA:29,2,0,0
BRDA:29,2,1,0
BRDA:32,3,0,0
BRDA:32,3,1,0
BRDA:35,4,0,0
BRDA:35,4,1,0
BRDA:38,5,0,0
BRDA:38,5,1,0
BRDA:41,6,0,0
BRDA:47,7,0,0
BRDA:47,8,0,0
BRDA:47,8,1,0
BRDA:54,9,0,0
BRDA:54,9,1,0
BRF:18
BRH:0
end_of_record
TN:
SF:src\middleware\rbac.ts
FN:5,(anonymous_0)
FN:6,(anonymous_1)
FN:37,(anonymous_2)
FN:38,(anonymous_3)
FN:69,(anonymous_4)
FN:70,(anonymous_5)
FN:81,(anonymous_6)
FN:84,(anonymous_7)
FN:103,(anonymous_8)
FN:104,(anonymous_9)
FNF:10
FNH:0
FNDA:0,(anonymous_0)
FNDA:0,(anonymous_1)
FNDA:0,(anonymous_2)
FNDA:0,(anonymous_3)
FNDA:0,(anonymous_4)
FNDA:0,(anonymous_5)
FNDA:0,(anonymous_6)
FNDA:0,(anonymous_7)
FNDA:0,(anonymous_8)
FNDA:0,(anonymous_9)
DA:3,0
DA:5,0
DA:6,0
DA:7,0
DA:8,0
DA:9,0
DA:13,0
DA:16,0
DA:18,0
DA:19,0
DA:23,0
DA:26,0
DA:28,0
DA:29,0
DA:37,0
DA:38,0
DA:39,0
DA:40,0
DA:41,0
DA:45,0
DA:48,0
DA:50,0
DA:51,0
DA:55,0
DA:58,0
DA:60,0
DA:61,0
DA:69,0
DA:70,0
DA:71,0
DA:72,0
DA:73,0
DA:77,0
DA:80,0
DA:81,0
DA:84,0
DA:85,0
DA:89,0
DA:92,0
DA:94,0
DA:95,0
DA:103,0
DA:104,0
DA:105,0
DA:106,0
DA:107,0
DA:111,0
DA:115,0
DA:116,0
DA:117,0
DA:118,0
DA:121,0
DA:122,0
DA:124,0
DA:125,0
DA:129,0
DA:132,0
DA:134,0
DA:135,0
LF:59
LH:0
BRDA:8,0,0,0
BRDA:18,1,0,0
BRDA:40,2,0,0
BRDA:50,3,0,0
BRDA:72,4,0,0
BRDA:84,5,0,0
BRDA:103,6,0,0
BRDA:106,7,0,0
BRDA:116,8,0,0
BRDA:121,9,0,0
BRDA:121,9,1,0
BRDA:124,10,0,0
BRDA:124,11,0,0
BRDA:124,11,1,0
BRDA:124,11,2,0
BRF:15
BRH:0
end_of_record
TN:
SF:src\routes\auth.routes.ts
FNF:0
FNH:0
DA:1,0
DA:2,0
DA:3,0
DA:4,0
DA:6,0
DA:9,0
DA:14,0
DA:19,0
DA:25,0
DA:27,0
LF:10
LH:0
BRF:0
BRH:0
end_of_record
TN:
SF:src\routes\client.routes.ts
FNF:0
FNH:0
DA:1,0
DA:2,0
DA:3,0
DA:4,0
DA:6,0
DA:9,0
DA:10,0
DA:11,0
DA:12,0
DA:13,0
DA:16,0
DA:17,0
DA:18,0
DA:19,0
DA:22,0
DA:23,0
DA:24,0
DA:27,0
DA:30,0
DA:31,0
DA:32,0
DA:35,0
DA:36,0
DA:37,0
DA:38,0
DA:39,0
DA:42,0
DA:43,0
DA:44,0
DA:45,0
DA:48,0
DA:49,0
DA:50,0
DA:53,0
DA:54,0
DA:55,0
DA:56,0
DA:59,0
DA:60,0
DA:61,0
DA:64,0
DA:65,0
DA:66,0
DA:67,0
DA:70,0
DA:73,0
DA:75,0
LF:47
LH:0
BRF:0
BRH:0
end_of_record
TN:
SF:src\routes\index.ts
FN:37,(anonymous_1)
FNF:1
FNH:0
FNDA:0,(anonymous_1)
DA:1,0
DA:2,0
DA:3,0
DA:4,0
DA:5,0
DA:6,0
DA:7,0
DA:8,0
DA:9,0
DA:10,0
DA:11,0
DA:12,0
DA:13,0
DA:14,0
DA:16,0
DA:19,0
DA:22,0
DA:23,0
DA:24,0
DA:25,0
DA:26,0
DA:27,0
DA:28,0
DA:29,0
DA:30,0
DA:31,0
DA:32,0
DA:33,0
DA:34,0
DA:37,0
DA:38,0
DA:61,0
LF:32
LH:0
BRF:0
BRH:0
end_of_record
TN:
SF:src\routes\inventory.routes.ts
FNF:0
FNH:0
DA:1,0
DA:2,0
DA:3,0
DA:5,0
DA:8,0
DA:11,0
DA:12,0
DA:13,0
DA:14,0
DA:15,0
DA:18,0
DA:19,0
DA:20,0
DA:21,0
DA:22,0
DA:25,0
DA:26,0
DA:27,0
DA:28,0
DA:29,0
DA:32,0
DA:33,0
DA:36,0
DA:37,0
DA:40,0
DA:43,0
DA:44,0
DA:45,0
DA:46,0
DA:49,0
DA:50,0
DA:53,0
DA:54,0
DA:57,0
DA:58,0
DA:59,0
DA:60,0
DA:63,0
DA:64,0
DA:66,0
LF:40
LH:0
BRF:0
BRH:0
end_of_record
TN:
SF:src\routes\pos.routes.ts
FNF:0
FNH:0
DA:1,0
DA:2,0
DA:3,0
DA:5,0
DA:8,0
DA:11,0
DA:12,0
DA:13,0
DA:16,0
DA:17,0
DA:18,0
DA:19,0
DA:20,0
DA:23,0
DA:24,0
DA:25,0
DA:26,0
DA:27,0
DA:30,0
DA:31,0
DA:34,0
DA:35,0
DA:38,0
DA:39,0
DA:42,0
DA:43,0
DA:44,0
DA:45,0
DA:48,0
DA:51,0
DA:52,0
DA:55,0
DA:56,0
DA:59,0
DA:61,0
LF:35
LH:0
BRF:0
BRH:0
end_of_record
TN:
SF:src\routes\rbac.routes.ts
FNF:0
FNH:0
DA:1,0
DA:2,0
DA:3,0
DA:4,0
DA:6,0
DA:9,0
DA:12,0
DA:17,0
DA:22,0
DA:27,0
DA:33,0
DA:38,0
DA:44,0
DA:49,0
DA:54,0
DA:60,0
DA:65,0
DA:71,0
DA:76,0
DA:81,0
LF:20
LH:0
BRF:0
BRH:0
end_of_record
TN:
SF:src\routes\superAdmin.routes.ts
FNF:0
FNH:0
DA:1,0
DA:2,0
DA:3,0
DA:4,0
DA:6,0
DA:9,0
DA:15,0
DA:16,0
DA:19,0
DA:20,0
DA:21,0
DA:22,0
DA:23,0
DA:26,0
DA:27,0
DA:28,0
DA:29,0
DA:32,0
DA:33,0
DA:34,0
DA:35,0
DA:38,0
DA:39,0
DA:40,0
DA:41,0
DA:44,0
DA:45,0
DA:48,0
DA:51,0
DA:52,0
DA:53,0
DA:58,0
DA:59,0
DA:61,0
LF:34
LH:0
BRF:0
BRH:0
end_of_record
TN:
SF:src\scripts\seed-rbac.ts
FN:3,(anonymous_0)
FNF:1
FNH:0
FNDA:0,(anonymous_0)
DA:1,0
DA:3,0
DA:4,0
DA:7,0
DA:16,0
DA:17,0
DA:18,0
DA:22,0
DA:61,0
DA:62,0
DA:68,0
DA:71,0
DA:75,0
DA:76,0
DA:79,0
LF:15
LH:0
BRDA:18,0,0,0
BRDA:18,0,1,0
BRDA:68,1,0,0
BRDA:68,1,1,0
BRDA:75,2,0,0
BRF:5
BRH:0
end_of_record
TN:
SF:src\services\accounts.service.ts
FN:6,(anonymous_0)
FN:44,(anonymous_1)
FN:72,(anonymous_2)
FN:87,(anonymous_3)
FN:103,(anonymous_4)
FN:118,(anonymous_5)
FN:158,(anonymous_6)
FN:191,(anonymous_7)
FN:202,(anonymous_8)
FN:223,(anonymous_9)
FN:244,(anonymous_10)
FN:292,(anonymous_11)
FN:307,(anonymous_12)
FN:323,(anonymous_13)
FN:343,(anonymous_14)
FN:358,(anonymous_15)
FN:373,(anonymous_16)
FNF:17
FNH:0
FNDA:0,(anonymous_0)
FNDA:0,(anonymous_1)
FNDA:0,(anonymous_2)
FNDA:0,(anonymous_3)
FNDA:0,(anonymous_4)
FNDA:0,(anonymous_5)
FNDA:0,(anonymous_6)
FNDA:0,(anonymous_7)
FNDA:0,(anonymous_8)
FNDA:0,(anonymous_9)
FNDA:0,(anonymous_10)
FNDA:0,(anonymous_11)
FNDA:0,(anonymous_12)
FNDA:0,(anonymous_13)
FNDA:0,(anonymous_14)
FNDA:0,(anonymous_15)
FNDA:0,(anonymous_16)
DA:1,0
DA:4,0
DA:7,0
DA:8,0
DA:19,0
DA:20,0
DA:22,0
DA:23,0
DA:25,0
DA:26,0
DA:29,0
DA:33,0
DA:35,0
DA:40,0
DA:45,0
DA:46,0
DA:65,0
DA:66,0
DA:68,0
DA:73,0
DA:74,0
DA:80,0
DA:81,0
DA:83,0
DA:88,0
DA:89,0
DA:96,0
DA:97,0
DA:99,0
DA:104,0
DA:105,0
DA:110,0
DA:111,0
DA:113,0
DA:119,0
DA:120,0
DA:134,0
DA:135,0
DA:137,0
DA:138,0
DA:140,0
DA:141,0
DA:144,0
DA:147,0
DA:149,0
DA:154,0
DA:159,0
DA:160,0
DA:184,0
DA:185,0
DA:187,0
DA:192,0
DA:193,0
DA:199,0
DA:202,0
DA:207,0
DA:212,0
DA:214,0
DA:219,0
DA:224,0
DA:225,0
DA:236,0
DA:237,0
DA:239,0
DA:245,0
DA:246,0
DA:265,0
DA:266,0
DA:268,0
DA:269,0
DA:271,0
DA:272,0
DA:274,0
DA:275,0
DA:278,0
DA:281,0
DA:283,0
DA:288,0
DA:293,0
DA:294,0
DA:300,0
DA:301,0
DA:303,0
DA:308,0
DA:309,0
DA:316,0
DA:317,0
DA:319,0
DA:324,0
DA:325,0
DA:335,0
DA:336,0
DA:338,0
DA:344,0
DA:345,0
DA:351,0
DA:352,0
DA:354,0
DA:359,0
DA:360,0
DA:366,0
DA:367,0
DA:369,0
DA:374,0
DA:375,0
DA:380,0
DA:381,0
DA:383,0
LF:108
LH:0
BRDA:6,0,0,0
BRDA:19,1,0,0
BRDA:22,2,0,0
BRDA:25,3,0,0
BRDA:33,4,0,0
BRDA:36,5,0,0
BRDA:36,5,1,0
BRDA:37,6,0,0
BRDA:37,6,1,0
BRDA:65,7,0,0
BRDA:80,8,0,0
BRDA:96,9,0,0
BRDA:110,10,0,0
BRDA:118,11,0,0
BRDA:134,12,0,0
BRDA:137,13,0,0
BRDA:140,14,0,0
BRDA:147,15,0,0
BRDA:150,16,0,0
BRDA:150,16,1,0
BRDA:151,17,0,0
BRDA:151,17,1,0
BRDA:184,18,0,0
BRDA:199,19,0,0
BRDA:212,20,0,0
BRDA:236,21,0,0
BRDA:244,22,0,0
BRDA:265,23,0,0
BRDA:268,24,0,0
BRDA:271,25,0,0
BRDA:274,26,0,0
BRDA:281,27,0,0
BRDA:284,28,0,0
BRDA:284,28,1,0
BRDA:285,29,0,0
BRDA:285,29,1,0
BRDA:300,30,0,0
BRDA:316,31,0,0
BRDA:335,32,0,0
BRDA:343,33,0,0
BRDA:351,34,0,0
BRDA:358,35,0,0
BRDA:366,36,0,0
BRDA:373,37,0,0
BRDA:380,38,0,0
BRF:45
BRH:0
end_of_record
TN:
SF:src\services\auth.service.ts
FN:7,(anonymous_0)
FN:119,(anonymous_1)
FN:193,(anonymous_2)
FN:244,(anonymous_3)
FNF:4
FNH:2
FNDA:4,(anonymous_0)
FNDA:3,(anonymous_1)
FNDA:0,(anonymous_2)
FNDA:0,(anonymous_3)
DA:1,2
DA:2,2
DA:3,2
DA:6,2
DA:8,4
DA:10,4
DA:16,3
DA:17,2
DA:24,1
DA:25,1
DA:26,0
DA:34,1
DA:45,1
DA:46,0
DA:52,1
DA:53,0
DA:60,1
DA:74,1
DA:76,0
DA:77,0
DA:79,0
DA:82,0
DA:89,1
DA:95,1
DA:101,1
DA:111,1
DA:112,1
DA:120,3
DA:122,3
DA:127,2
DA:128,1
DA:134,1
DA:135,0
DA:142,1
DA:149,1
DA:150,0
DA:157,1
DA:163,1
DA:169,1
DA:175,1
DA:185,1
DA:186,1
DA:194,0
DA:196,0
DA:199,0
DA:206,0
DA:207,0
DA:214,0
DA:220,0
DA:226,0
DA:236,0
DA:237,0
DA:245,0
DA:248,0
DA:253,0
DA:254,0
LF:56
LH:33
BRDA:16,0,0,2
BRDA:25,1,0,0
BRDA:45,2,0,0
BRDA:48,3,0,0
BRDA:48,3,1,0
BRDA:52,4,0,0
BRDA:74,5,0,0
BRDA:84,6,0,0
BRDA:84,6,1,0
BRDA:114,7,0,1
BRDA:114,7,1,0
BRDA:127,8,0,1
BRDA:130,9,0,1
BRDA:130,9,1,0
BRDA:134,10,0,0
BRDA:149,11,0,0
BRDA:149,12,0,1
BRDA:149,12,1,1
BRDA:188,13,0,1
BRDA:188,13,1,0
BRDA:206,14,0,0
BRDA:206,15,0,0
BRDA:206,15,1,0
BRF:23
BRH:7
end_of_record
TN:
SF:src\services\client.service.ts
FN:4,(anonymous_0)
FN:21,(anonymous_1)
FN:63,(anonymous_2)
FN:75,(anonymous_3)
FN:87,(anonymous_4)
FN:98,(anonymous_5)
FN:110,(anonymous_6)
FN:121,(anonymous_7)
FN:132,(anonymous_8)
FN:144,(anonymous_9)
FN:180,(anonymous_10)
FN:191,(anonymous_11)
FN:202,(anonymous_12)
FN:214,(anonymous_13)
FN:226,(anonymous_14)
FN:236,(anonymous_15)
FN:247,(anonymous_16)
FN:259,(anonymous_17)
FN:269,(anonymous_18)
FN:280,(anonymous_19)
FN:291,(anonymous_20)
FN:302,(anonymous_21)
FN:313,(anonymous_22)
FN:326,(anonymous_23)
FN:338,(anonymous_24)
FN:351,(anonymous_25)
FN:364,(anonymous_26)
FNF:27
FNH:0
FNDA:0,(anonymous_0)
FNDA:0,(anonymous_1)
FNDA:0,(anonymous_2)
FNDA:0,(anonymous_3)
FNDA:0,(anonymous_4)
FNDA:0,(anonymous_5)
FNDA:0,(anonymous_6)
FNDA:0,(anonymous_7)
FNDA:0,(anonymous_8)
FNDA:0,(anonymous_9)
FNDA:0,(anonymous_10)
FNDA:0,(anonymous_11)
FNDA:0,(anonymous_12)
FNDA:0,(anonymous_13)
FNDA:0,(anonymous_14)
FNDA:0,(anonymous_15)
FNDA:0,(anonymous_16)
FNDA:0,(anonymous_17)
FNDA:0,(anonymous_18)
FNDA:0,(anonymous_19)
FNDA:0,(anonymous_20)
FNDA:0,(anonymous_21)
FNDA:0,(anonymous_22)
FNDA:0,(anonymous_23)
FNDA:0,(anonymous_24)
FNDA:0,(anonymous_25)
FNDA:0,(anonymous_26)
DA:1,0
DA:3,0
DA:5,0
DA:12,0
DA:22,0
DA:27,0
DA:28,0
DA:30,0
DA:31,0
DA:33,0
DA:34,0
DA:36,0
DA:37,0
DA:39,0
DA:40,0
DA:43,0
DA:44,0
DA:45,0
DA:46,0
DA:47,0
DA:49,0
DA:50,0
DA:52,0
DA:64,0
DA:71,0
DA:72,0
DA:76,0
DA:83,0
DA:84,0
DA:88,0
DA:94,0
DA:95,0
DA:99,0
DA:106,0
DA:107,0
DA:111,0
DA:117,0
DA:118,0
DA:122,0
DA:128,0
DA:129,0
DA:133,0
DA:140,0
DA:141,0
DA:145,0
DA:150,0
DA:151,0
DA:153,0
DA:154,0
DA:156,0
DA:157,0
DA:160,0
DA:161,0
DA:162,0
DA:163,0
DA:164,0
DA:166,0
DA:167,0
DA:169,0
DA:181,0
DA:187,0
DA:188,0
DA:192,0
DA:198,0
DA:199,0
DA:203,0
DA:210,0
DA:211,0
DA:215,0
DA:222,0
DA:223,0
DA:227,0
DA:232,0
DA:233,0
DA:237,0
DA:243,0
DA:244,0
DA:248,0
DA:255,0
DA:256,0
DA:260,0
DA:265,0
DA:266,0
DA:270,0
DA:276,0
DA:277,0
DA:281,0
DA:287,0
DA:288,0
DA:292,0
DA:298,0
DA:299,0
DA:303,0
DA:309,0
DA:310,0
DA:314,0
DA:322,0
DA:323,0
DA:327,0
DA:334,0
DA:335,0
DA:339,0
DA:347,0
DA:348,0
DA:352,0
DA:360,0
DA:361,0
DA:365,0
DA:373,0
DA:374,0
LF:110
LH:0
BRDA:13,0,0,0
BRDA:13,0,1,0
BRDA:14,1,0,0
BRDA:14,1,1,0
BRDA:15,2,0,0
BRDA:15,2,1,0
BRDA:16,3,0,0
BRDA:16,3,1,0
BRDA:21,4,0,0
BRDA:27,5,0,0
BRDA:30,6,0,0
BRDA:33,7,0,0
BRDA:36,8,0,0
BRDA:39,9,0,0
BRDA:43,10,0,0
BRDA:43,10,1,0
BRDA:44,11,0,0
BRDA:44,11,1,0
BRDA:50,12,0,0
BRDA:53,13,0,0
BRDA:53,13,1,0
BRDA:57,14,0,0
BRDA:57,14,1,0
BRDA:58,15,0,0
BRDA:58,15,1,0
BRDA:71,16,0,0
BRDA:83,17,0,0
BRDA:94,18,0,0
BRDA:106,19,0,0
BRDA:117,20,0,0
BRDA:128,21,0,0
BRDA:140,22,0,0
BRDA:144,23,0,0
BRDA:150,24,0,0
BRDA:153,25,0,0
BRDA:156,26,0,0
BRDA:160,27,0,0
BRDA:160,27,1,0
BRDA:161,28,0,0
BRDA:161,28,1,0
BRDA:167,29,0,0
BRDA:170,30,0,0
BRDA:170,30,1,0
BRDA:174,31,0,0
BRDA:174,31,1,0
BRDA:175,32,0,0
BRDA:175,32,1,0
BRDA:187,33,0,0
BRDA:198,34,0,0
BRDA:210,35,0,0
BRDA:222,36,0,0
BRDA:232,37,0,0
BRDA:243,38,0,0
BRDA:255,39,0,0
BRDA:265,40,0,0
BRDA:276,41,0,0
BRDA:287,42,0,0
BRDA:298,43,0,0
BRDA:309,44,0,0
BRDA:322,45,0,0
BRDA:334,46,0,0
BRDA:347,47,0,0
BRDA:360,48,0,0
BRDA:373,49,0,0
BRF:64
BRH:0
end_of_record
TN:
SF:src\services\notifications.service.ts
FN:10,(anonymous_0)
FN:55,(anonymous_1)
FN:70,(anonymous_2)
FN:90,(anonymous_3)
FN:109,(anonymous_4)
FN:125,(anonymous_5)
FN:150,(anonymous_6)
FN:165,(anonymous_7)
FN:180,(anonymous_8)
FN:196,(anonymous_9)
FN:211,(anonymous_10)
FN:261,(anonymous_11)
FN:276,(anonymous_12)
FN:292,(anonymous_13)
FN:306,(anonymous_14)
FN:326,(anonymous_15)
FN:334,(anonymous_16)
FN:357,(anonymous_17)
FN:385,(anonymous_18)
FN:408,(anonymous_19)
FN:421,(anonymous_20)
FNF:21
FNH:0
FNDA:0,(anonymous_0)
FNDA:0,(anonymous_1)
FNDA:0,(anonymous_2)
FNDA:0,(anonymous_3)
FNDA:0,(anonymous_4)
FNDA:0,(anonymous_5)
FNDA:0,(anonymous_6)
FNDA:0,(anonymous_7)
FNDA:0,(anonymous_8)
FNDA:0,(anonymous_9)
FNDA:0,(anonymous_10)
FNDA:0,(anonymous_11)
FNDA:0,(anonymous_12)
FNDA:0,(anonymous_13)
FNDA:0,(anonymous_14)
FNDA:0,(anonymous_15)
FNDA:0,(anonymous_16)
FNDA:0,(anonymous_17)
FNDA:0,(anonymous_18)
FNDA:0,(anonymous_19)
FNDA:0,(anonymous_20)
DA:1,0
DA:8,0
DA:11,0
DA:12,0
DA:17,0
DA:18,0
DA:20,0
DA:21,0
DA:23,0
DA:24,0
DA:26,0
DA:27,0
DA:31,0
DA:32,0
DA:33,0
DA:34,0
DA:35,0
DA:37,0
DA:39,0
DA:41,0
DA:51,0
DA:56,0
DA:57,0
DA:63,0
DA:64,0
DA:66,0
DA:71,0
DA:72,0
DA:83,0
DA:84,0
DA:86,0
DA:91,0
DA:92,0
DA:102,0
DA:103,0
DA:105,0
DA:110,0
DA:111,0
DA:117,0
DA:118,0
DA:120,0
DA:126,0
DA:127,0
DA:131,0
DA:132,0
DA:134,0
DA:135,0
DA:137,0
DA:138,0
DA:141,0
DA:143,0
DA:144,0
DA:146,0
DA:151,0
DA:152,0
DA:158,0
DA:159,0
DA:161,0
DA:166,0
DA:167,0
DA:173,0
DA:174,0
DA:176,0
DA:181,0
DA:182,0
DA:189,0
DA:190,0
DA:192,0
DA:197,0
DA:198,0
DA:203,0
DA:204,0
DA:206,0
DA:212,0
DA:213,0
DA:223,0
DA:224,0
DA:226,0
DA:227,0
DA:229,0
DA:230,0
DA:232,0
DA:233,0
DA:237,0
DA:238,0
DA:239,0
DA:240,0
DA:241,0
DA:243,0
DA:245,0
DA:247,0
DA:257,0
DA:262,0
DA:263,0
DA:269,0
DA:270,0
DA:272,0
DA:277,0
DA:278,0
DA:285,0
DA:286,0
DA:288,0
DA:293,0
DA:294,0
DA:299,0
DA:300,0
DA:302,0
DA:307,0
DA:308,0
DA:318,0
DA:319,0
DA:321,0
DA:333,0
DA:334,0
DA:344,0
DA:349,0
DA:350,0
DA:352,0
DA:365,0
DA:367,0
DA:372,0
DA:373,0
DA:376,0
DA:378,0
DA:380,0
DA:381,0
DA:385,0
DA:395,0
DA:400,0
DA:401,0
DA:403,0
DA:409,0
DA:414,0
DA:421,0
DA:422,0
DA:423,0
DA:426,0
DA:432,0
LF:138
LH:0
BRDA:10,0,0,0
BRDA:17,1,0,0
BRDA:20,2,0,0
BRDA:23,3,0,0
BRDA:26,4,0,0
BRDA:31,5,0,0
BRDA:31,5,1,0
BRDA:32,6,0,0
BRDA:32,6,1,0
BRDA:39,7,0,0
BRDA:42,8,0,0
BRDA:42,8,1,0
BRDA:46,9,0,0
BRDA:46,9,1,0
BRDA:47,10,0,0
BRDA:47,10,1,0
BRDA:63,11,0,0
BRDA:83,12,0,0
BRDA:102,13,0,0
BRDA:117,14,0,0
BRDA:125,15,0,0
BRDA:131,16,0,0
BRDA:134,17,0,0
BRDA:137,18,0,0
BRDA:143,19,0,0
BRDA:144,20,0,0
BRDA:144,20,1,0
BRDA:158,21,0,0
BRDA:173,22,0,0
BRDA:189,23,0,0
BRDA:203,24,0,0
BRDA:211,25,0,0
BRDA:223,26,0,0
BRDA:226,27,0,0
BRDA:229,28,0,0
BRDA:232,29,0,0
BRDA:237,30,0,0
BRDA:237,30,1,0
BRDA:238,31,0,0
BRDA:238,31,1,0
BRDA:245,32,0,0
BRDA:248,33,0,0
BRDA:248,33,1,0
BRDA:252,34,0,0
BRDA:252,34,1,0
BRDA:253,35,0,0
BRDA:253,35,1,0
BRDA:269,36,0,0
BRDA:285,37,0,0
BRDA:299,38,0,0
BRDA:318,39,0,0
BRDA:349,40,0,0
BRDA:372,41,0,0
BRDA:372,42,0,0
BRDA:372,42,1,0
BRDA:378,43,0,0
BRDA:380,44,0,0
BRDA:380,45,0,0
BRDA:380,45,1,0
BRDA:400,46,0,0
BRDA:421,47,0,0
BRDA:421,47,1,0
BRDA:422,48,0,0
BRDA:422,48,1,0
BRDA:427,49,0,0
BRDA:427,49,1,0
BRDA:428,50,0,0
BRDA:428,50,1,0
BRF:68
BRH:0
end_of_record
TN:
SF:src\services\products.service.ts
FN:22,(anonymous_0)
FN:97,(anonymous_1)
FN:164,(anonymous_2)
FN:187,(anonymous_3)
FN:238,(anonymous_4)
FN:254,(anonymous_5)
FN:281,(anonymous_6)
FN:282,(anonymous_7)
FN:352,(anonymous_8)
FN:378,(anonymous_9)
FN:379,(anonymous_10)
FN:457,(anonymous_11)
FN:533,(anonymous_12)
FN:608,(anonymous_13)
FN:623,(anonymous_14)
FN:663,(anonymous_15)
FN:678,(anonymous_16)
FN:694,(anonymous_17)
FN:709,(anonymous_18)
FN:731,(anonymous_19)
FN:746,(anonymous_20)
FN:762,(anonymous_21)
FN:777,(anonymous_22)
FN:820,(anonymous_23)
FN:836,(anonymous_24)
FN:876,(anonymous_25)
FN:892,(anonymous_26)
FN:940,(anonymous_27)
FN:953,(anonymous_28)
FNF:29
FNH:7
FNDA:1,(anonymous_0)
FNDA:0,(anonymous_1)
FNDA:0,(anonymous_2)
FNDA:1,(anonymous_3)
FNDA:2,(anonymous_4)
FNDA:4,(anonymous_5)
FNDA:5,(anonymous_6)
FNDA:5,(anonymous_7)
FNDA:0,(anonymous_8)
FNDA:0,(anonymous_9)
FNDA:0,(anonymous_10)
FNDA:0,(anonymous_11)
FNDA:2,(anonymous_12)
FNDA:0,(anonymous_13)
FNDA:0,(anonymous_14)
FNDA:0,(anonymous_15)
FNDA:0,(anonymous_16)
FNDA:0,(anonymous_17)
FNDA:0,(anonymous_18)
FNDA:0,(anonymous_19)
FNDA:0,(anonymous_20)
FNDA:0,(anonymous_21)
FNDA:0,(anonymous_22)
FNDA:0,(anonymous_23)
FNDA:0,(anonymous_24)
FNDA:0,(anonymous_25)
FNDA:0,(anonymous_26)
FNDA:0,(anonymous_27)
FNDA:0,(anonymous_28)
DA:1,1
DA:20,1
DA:23,1
DA:24,1
DA:42,1
DA:43,0
DA:45,1
DA:46,0
DA:48,1
DA:49,0
DA:51,1
DA:52,1
DA:54,1
DA:56,0
DA:59,0
DA:60,0
DA:72,1
DA:73,1
DA:74,1
DA:75,1
DA:76,1
DA:78,0
DA:80,0
DA:82,0
DA:92,1
DA:93,1
DA:98,0
DA:100,0
DA:118,0
DA:119,0
DA:125,0
DA:126,0
DA:133,0
DA:153,0
DA:154,0
DA:155,0
DA:162,0
DA:164,0
DA:172,0
DA:178,0
DA:179,0
DA:188,1
DA:189,1
DA:217,1
DA:218,0
DA:224,1
DA:230,0
DA:231,0
DA:239,2
DA:240,2
DA:246,1
DA:247,1
DA:249,1
DA:250,1
DA:255,4
DA:257,4
DA:263,4
DA:264,1
DA:271,3
DA:274,3
DA:280,3
DA:281,5
DA:283,5
DA:284,5
DA:288,3
DA:289,3
DA:290,3
DA:300,3
DA:301,0
DA:306,3
DA:310,3
DA:311,3
DA:312,2
DA:313,2
DA:314,1
DA:319,1
DA:322,1
DA:323,1
DA:324,1
DA:329,2
DA:330,2
DA:331,0
DA:337,2
DA:343,0
DA:344,0
DA:353,0
DA:355,0
DA:361,0
DA:362,0
DA:369,0
DA:371,0
DA:377,0
DA:378,0
DA:380,0
DA:381,0
DA:385,0
DA:391,0
DA:397,0
DA:398,0
DA:406,0
DA:407,0
DA:415,0
DA:416,0
DA:417,0
DA:419,0
DA:420,0
DA:426,0
DA:434,0
DA:435,0
DA:436,0
DA:442,0
DA:448,0
DA:449,0
DA:458,0
DA:459,0
DA:461,0
DA:462,0
DA:464,0
DA:475,0
DA:476,0
DA:483,0
DA:488,0
DA:494,0
DA:504,0
DA:505,0
DA:511,0
DA:518,0
DA:524,0
DA:525,0
DA:534,2
DA:535,2
DA:537,2
DA:538,3
DA:540,2
DA:551,2
DA:552,1
DA:559,1
DA:564,1
DA:570,1
DA:580,1
DA:581,0
DA:587,1
DA:594,1
DA:600,0
DA:601,0
DA:609,0
DA:610,0
DA:615,0
DA:616,0
DA:618,0
DA:624,0
DA:625,0
DA:640,0
DA:641,0
DA:642,0
DA:644,0
DA:647,0
DA:648,0
DA:650,0
DA:651,0
DA:654,0
DA:656,0
DA:657,0
DA:659,0
DA:664,0
DA:665,0
DA:671,0
DA:672,0
DA:674,0
DA:679,0
DA:680,0
DA:687,0
DA:688,0
DA:690,0
DA:695,0
DA:696,0
DA:701,0
DA:702,0
DA:704,0
DA:710,0
DA:711,0
DA:715,0
DA:716,0
DA:718,0
DA:719,0
DA:722,0
DA:724,0
DA:725,0
DA:727,0
DA:732,0
DA:733,0
DA:739,0
DA:740,0
DA:742,0
DA:747,0
DA:748,0
DA:755,0
DA:756,0
DA:758,0
DA:763,0
DA:764,0
DA:769,0
DA:770,0
DA:772,0
DA:778,0
DA:779,0
DA:796,0
DA:797,0
DA:799,0
DA:800,0
DA:802,0
DA:804,0
DA:807,0
DA:808,0
DA:811,0
DA:813,0
DA:814,0
DA:816,0
DA:821,0
DA:822,0
DA:829,0
DA:830,0
DA:832,0
DA:837,0
DA:838,0
DA:853,0
DA:854,0
DA:856,0
DA:857,0
DA:859,0
DA:860,0
DA:862,0
DA:863,0
DA:866,0
DA:869,0
DA:870,0
DA:872,0
DA:877,0
DA:878,0
DA:884,0
DA:885,0
DA:887,0
DA:893,0
DA:895,0
DA:904,0
DA:907,0
DA:913,0
DA:915,0
DA:919,0
DA:927,0
DA:929,0
DA:934,0
DA:935,0
DA:941,0
DA:942,0
DA:945,0
DA:946,0
DA:948,0
DA:949,0
DA:954,0
DA:955,0
DA:962,0
DA:963,0
DA:965,0
LF:264
LH:67
BRDA:22,0,0,0
BRDA:42,1,0,0
BRDA:45,2,0,0
BRDA:48,3,0,0
BRDA:51,4,0,1
BRDA:54,5,0,0
BRDA:59,6,0,0
BRDA:61,7,0,0
BRDA:61,7,1,0
BRDA:63,8,0,0
BRDA:63,8,1,0
BRDA:64,9,0,0
BRDA:64,9,1,0
BRDA:65,10,0,0
BRDA:65,10,1,0
BRDA:66,11,0,0
BRDA:66,11,1,0
BRDA:66,12,0,0
BRDA:66,12,1,0
BRDA:72,13,0,1
BRDA:72,13,1,1
BRDA:73,14,0,1
BRDA:73,14,1,1
BRDA:80,15,0,0
BRDA:83,16,0,0
BRDA:83,16,1,0
BRDA:87,17,0,0
BRDA:87,17,1,0
BRDA:88,18,0,0
BRDA:88,18,1,0
BRDA:93,19,0,1
BRDA:93,19,1,0
BRDA:118,20,0,0
BRDA:121,21,0,0
BRDA:121,21,1,0
BRDA:125,22,0,0
BRDA:153,23,0,0
BRDA:164,24,0,0
BRDA:164,24,1,0
BRDA:166,25,0,0
BRDA:166,25,1,0
BRDA:181,26,0,0
BRDA:181,26,1,0
BRDA:217,27,0,0
BRDA:220,28,0,0
BRDA:220,28,1,0
BRDA:233,29,0,0
BRDA:233,29,1,0
BRDA:246,30,0,0
BRDA:250,31,0,1
BRDA:250,31,1,0
BRDA:263,32,0,1
BRDA:263,33,0,4
BRDA:263,33,1,3
BRDA:289,34,0,3
BRDA:300,35,0,0
BRDA:311,36,0,2
BRDA:311,36,1,1
BRDA:311,37,0,3
BRDA:311,37,1,2
BRDA:313,38,0,1
BRDA:319,39,0,1
BRDA:319,39,1,0
BRDA:323,40,0,1
BRDA:324,41,0,1
BRDA:324,41,1,0
BRDA:330,42,0,0
BRDA:346,43,0,0
BRDA:346,43,1,0
BRDA:361,44,0,0
BRDA:361,45,0,0
BRDA:361,45,1,0
BRDA:397,46,0,0
BRDA:406,47,0,0
BRDA:415,48,0,0
BRDA:415,49,0,0
BRDA:415,49,1,0
BRDA:417,50,0,0
BRDA:419,51,0,0
BRDA:435,52,0,0
BRDA:451,53,0,0
BRDA:451,53,1,0
BRDA:462,54,0,0
BRDA:462,54,1,0
BRDA:475,55,0,0
BRDA:490,56,0,0
BRDA:490,56,1,0
BRDA:504,57,0,0
BRDA:527,58,0,0
BRDA:527,58,1,0
BRDA:538,59,0,2
BRDA:538,59,1,1
BRDA:551,60,0,1
BRDA:566,61,0,1
BRDA:566,61,1,0
BRDA:580,62,0,0
BRDA:603,63,0,0
BRDA:603,63,1,0
BRDA:615,64,0,0
BRDA:623,65,0,0
BRDA:640,66,0,0
BRDA:641,67,0,0
BRDA:641,67,1,0
BRDA:647,68,0,0
BRDA:650,69,0,0
BRDA:656,70,0,0
BRDA:657,71,0,0
BRDA:657,71,1,0
BRDA:671,72,0,0
BRDA:687,73,0,0
BRDA:701,74,0,0
BRDA:709,75,0,0
BRDA:715,76,0,0
BRDA:718,77,0,0
BRDA:724,78,0,0
BRDA:725,79,0,0
BRDA:725,79,1,0
BRDA:739,80,0,0
BRDA:755,81,0,0
BRDA:769,82,0,0
BRDA:777,83,0,0
BRDA:796,84,0,0
BRDA:799,85,0,0
BRDA:802,86,0,0
BRDA:807,87,0,0
BRDA:808,88,0,0
BRDA:808,88,1,0
BRDA:813,89,0,0
BRDA:814,90,0,0
BRDA:814,90,1,0
BRDA:829,91,0,0
BRDA:836,92,0,0
BRDA:853,93,0,0
BRDA:856,94,0,0
BRDA:859,95,0,0
BRDA:862,96,0,0
BRDA:869,97,0,0
BRDA:870,98,0,0
BRDA:870,98,1,0
BRDA:884,99,0,0
BRDA:913,100,0,0
BRDA:915,101,0,0
BRDA:915,101,1,0
BRDA:927,102,0,0
BRDA:935,103,0,0
BRDA:935,103,1,0
BRDA:945,104,0,0
BRDA:946,105,0,0
BRDA:946,105,1,0
BRDA:949,106,0,0
BRDA:949,106,1,0
BRDA:953,107,0,0
BRDA:962,108,0,0
BRF:153
BRH:23
end_of_record
TN:
SF:src\services\rbac.service.ts
FN:14,(anonymous_0)
FN:42,(anonymous_1)
FN:65,(anonymous_2)
FN:90,(anonymous_3)
FN:114,(anonymous_4)
FN:143,(anonymous_5)
FN:168,(anonymous_6)
FN:240,(anonymous_7)
FN:273,(anonymous_8)
FN:307,(anonymous_9)
FN:349,(anonymous_10)
FN:383,(anonymous_11)
FN:401,(anonymous_12)
FN:402,(anonymous_13)
FN:416,(anonymous_14)
FN:444,(anonymous_15)
FNF:16
FNH:3
FNDA:2,(anonymous_0)
FNDA:0,(anonymous_1)
FNDA:0,(anonymous_2)
FNDA:0,(anonymous_3)
FNDA:0,(anonymous_4)
FNDA:0,(anonymous_5)
FNDA:2,(anonymous_6)
FNDA:0,(anonymous_7)
FNDA:0,(anonymous_8)
FNDA:0,(anonymous_9)
FNDA:0,(anonymous_10)
FNDA:0,(anonymous_11)
FNDA:0,(anonymous_12)
FNDA:0,(anonymous_13)
FNDA:2,(anonymous_14)
FNDA:0,(anonymous_15)
DA:1,1
DA:12,1
DA:15,2
DA:16,2
DA:26,2
DA:28,1
DA:34,1
DA:35,1
DA:43,0
DA:44,0
DA:49,0
DA:51,0
DA:57,0
DA:58,0
DA:66,0
DA:67,0
DA:74,0
DA:76,0
DA:82,0
DA:83,0
DA:91,0
DA:92,0
DA:98,0
DA:100,0
DA:105,0
DA:106,0
DA:115,0
DA:116,0
DA:127,0
DA:129,0
DA:135,0
DA:136,0
DA:144,0
DA:145,0
DA:151,0
DA:153,0
DA:159,0
DA:160,0
DA:169,2
DA:171,2
DA:178,2
DA:179,1
DA:186,1
DA:192,1
DA:193,0
DA:200,1
DA:207,1
DA:208,0
DA:209,0
DA:214,0
DA:218,1
DA:227,1
DA:232,0
DA:233,0
DA:241,0
DA:242,0
DA:248,0
DA:251,0
DA:260,0
DA:265,0
DA:266,0
DA:274,0
DA:275,0
DA:290,0
DA:292,0
DA:298,0
DA:299,0
DA:308,0
DA:309,0
DA:316,0
DA:317,0
DA:318,0
DA:323,0
DA:327,0
DA:336,0
DA:341,0
DA:342,0
DA:350,0
DA:351,0
DA:357,0
DA:360,0
DA:369,0
DA:374,0
DA:375,0
DA:384,0
DA:385,0
DA:398,0
DA:400,0
DA:401,0
DA:402,0
DA:403,0
DA:404,0
DA:409,0
DA:411,0
DA:412,0
DA:417,2
DA:418,2
DA:435,2
DA:437,2
DA:439,0
DA:440,0
DA:445,0
DA:446,0
DA:457,0
DA:459,0
DA:461,0
DA:462,0
LF:107
LH:22
BRDA:14,0,0,2
BRDA:26,1,0,1
BRDA:37,2,0,1
BRDA:37,2,1,0
BRDA:49,3,0,0
BRDA:60,4,0,0
BRDA:60,4,1,0
BRDA:74,5,0,0
BRDA:85,6,0,0
BRDA:85,6,1,0
BRDA:98,7,0,0
BRDA:108,8,0,0
BRDA:108,8,1,0
BRDA:127,9,0,0
BRDA:138,10,0,0
BRDA:138,10,1,0
BRDA:151,11,0,0
BRDA:162,12,0,0
BRDA:162,12,1,0
BRDA:178,13,0,1
BRDA:178,14,0,2
BRDA:178,14,1,2
BRDA:192,15,0,0
BRDA:192,16,0,1
BRDA:192,16,1,1
BRDA:207,17,0,0
BRDA:208,18,0,0
BRDA:235,19,0,0
BRDA:235,19,1,0
BRDA:248,20,0,0
BRDA:268,21,0,0
BRDA:268,21,1,0
BRDA:290,22,0,0
BRDA:301,23,0,0
BRDA:301,23,1,0
BRDA:316,24,0,0
BRDA:317,25,0,0
BRDA:344,26,0,0
BRDA:344,26,1,0
BRDA:357,27,0,0
BRDA:377,28,0,0
BRDA:377,28,1,0
BRDA:398,29,0,0
BRDA:403,30,0,0
BRDA:435,31,0,0
BRDA:437,32,0,2
BRDA:437,32,1,2
BRDA:457,33,0,0
BRDA:459,34,0,0
BRDA:459,34,1,0
BRF:50
BRH:10
end_of_record
TN:
SF:src\services\marketing\admin.service.ts
FN:14,(anonymous_0)
FN:41,(anonymous_1)
FN:95,(anonymous_2)
FN:117,(anonymous_3)
FN:132,(anonymous_4)
FN:148,(anonymous_5)
FN:162,(anonymous_6)
FN:182,(anonymous_7)
FN:203,(anonymous_8)
FN:244,(anonymous_9)
FN:259,(anonymous_10)
FN:274,(anonymous_11)
FN:290,(anonymous_12)
FN:305,(anonymous_13)
FN:355,(anonymous_14)
FN:370,(anonymous_15)
FN:386,(anonymous_16)
FN:401,(anonymous_17)
FN:416,(anonymous_18)
FN:433,(anonymous_19)
FN:487,(anonymous_20)
FN:502,(anonymous_21)
FN:518,(anonymous_22)
FN:533,(anonymous_23)
FN:547,(anonymous_24)
FN:562,(anonymous_25)
FN:578,(anonymous_26)
FN:593,(anonymous_27)
FN:634,(anonymous_28)
FN:650,(anonymous_29)
FN:666,(anonymous_30)
FNF:31
FNH:0
FNDA:0,(anonymous_0)
FNDA:0,(anonymous_1)
FNDA:0,(anonymous_2)
FNDA:0,(anonymous_3)
FNDA:0,(anonymous_4)
FNDA:0,(anonymous_5)
FNDA:0,(anonymous_6)
FNDA:0,(anonymous_7)
FNDA:0,(anonymous_8)
FNDA:0,(anonymous_9)
FNDA:0,(anonymous_10)
FNDA:0,(anonymous_11)
FNDA:0,(anonymous_12)
FNDA:0,(anonymous_13)
FNDA:0,(anonymous_14)
FNDA:0,(anonymous_15)
FNDA:0,(anonymous_16)
FNDA:0,(anonymous_17)
FNDA:0,(anonymous_18)
FNDA:0,(anonymous_19)
FNDA:0,(anonymous_20)
FNDA:0,(anonymous_21)
FNDA:0,(anonymous_22)
FNDA:0,(anonymous_23)
FNDA:0,(anonymous_24)
FNDA:0,(anonymous_25)
FNDA:0,(anonymous_26)
FNDA:0,(anonymous_27)
FNDA:0,(anonymous_28)
FNDA:0,(anonymous_29)
FNDA:0,(anonymous_30)
DA:1,0
DA:12,0
DA:15,0
DA:21,0
DA:28,0
DA:36,0
DA:42,0
DA:43,0
DA:54,0
DA:55,0
DA:57,0
DA:58,0
DA:60,0
DA:61,0
DA:63,0
DA:64,0
DA:66,0
DA:67,0
DA:71,0
DA:72,0
DA:73,0
DA:74,0
DA:75,0
DA:77,0
DA:79,0
DA:81,0
DA:91,0
DA:96,0
DA:97,0
DA:110,0
DA:111,0
DA:113,0
DA:118,0
DA:119,0
DA:125,0
DA:126,0
DA:128,0
DA:133,0
DA:134,0
DA:141,0
DA:142,0
DA:144,0
DA:149,0
DA:150,0
DA:155,0
DA:156,0
DA:158,0
DA:163,0
DA:164,0
DA:175,0
DA:176,0
DA:178,0
DA:183,0
DA:184,0
DA:195,0
DA:196,0
DA:198,0
DA:204,0
DA:205,0
DA:209,0
DA:210,0
DA:212,0
DA:213,0
DA:215,0
DA:216,0
DA:220,0
DA:221,0
DA:222,0
DA:223,0
DA:224,0
DA:226,0
DA:228,0
DA:230,0
DA:240,0
DA:245,0
DA:246,0
DA:252,0
DA:253,0
DA:255,0
DA:260,0
DA:261,0
DA:267,0
DA:268,0
DA:270,0
DA:275,0
DA:276,0
DA:283,0
DA:284,0
DA:286,0
DA:291,0
DA:292,0
DA:297,0
DA:298,0
DA:300,0
DA:306,0
DA:307,0
DA:317,0
DA:318,0
DA:320,0
DA:321,0
DA:323,0
DA:324,0
DA:326,0
DA:327,0
DA:331,0
DA:332,0
DA:333,0
DA:334,0
DA:335,0
DA:337,0
DA:339,0
DA:341,0
DA:351,0
DA:356,0
DA:357,0
DA:363,0
DA:364,0
DA:366,0
DA:371,0
DA:372,0
DA:378,0
DA:379,0
DA:381,0
DA:387,0
DA:388,0
DA:394,0
DA:395,0
DA:397,0
DA:402,0
DA:403,0
DA:409,0
DA:410,0
DA:412,0
DA:417,0
DA:418,0
DA:425,0
DA:426,0
DA:428,0
DA:434,0
DA:435,0
DA:449,0
DA:450,0
DA:452,0
DA:453,0
DA:455,0
DA:456,0
DA:458,0
DA:459,0
DA:463,0
DA:464,0
DA:465,0
DA:466,0
DA:467,0
DA:469,0
DA:471,0
DA:473,0
DA:483,0
DA:488,0
DA:489,0
DA:495,0
DA:496,0
DA:498,0
DA:503,0
DA:504,0
DA:511,0
DA:512,0
DA:514,0
DA:519,0
DA:520,0
DA:525,0
DA:526,0
DA:528,0
DA:534,0
DA:535,0
DA:540,0
DA:541,0
DA:543,0
DA:548,0
DA:549,0
DA:555,0
DA:556,0
DA:558,0
DA:563,0
DA:564,0
DA:571,0
DA:572,0
DA:574,0
DA:579,0
DA:580,0
DA:585,0
DA:586,0
DA:588,0
DA:594,0
DA:595,0
DA:599,0
DA:600,0
DA:602,0
DA:603,0
DA:605,0
DA:606,0
DA:610,0
DA:611,0
DA:612,0
DA:613,0
DA:614,0
DA:616,0
DA:618,0
DA:620,0
DA:630,0
DA:635,0
DA:636,0
DA:642,0
DA:643,0
DA:645,0
DA:651,0
DA:652,0
DA:658,0
DA:659,0
DA:661,0
DA:671,0
DA:672,0
DA:679,0
DA:680,0
DA:682,0
LF:224
LH:0
BRDA:29,0,0,0
BRDA:29,0,1,0
BRDA:30,1,0,0
BRDA:30,1,1,0
BRDA:31,2,0,0
BRDA:31,2,1,0
BRDA:32,3,0,0
BRDA:32,3,1,0
BRDA:41,4,0,0
BRDA:54,5,0,0
BRDA:57,6,0,0
BRDA:60,7,0,0
BRDA:63,8,0,0
BRDA:66,9,0,0
BRDA:71,10,0,0
BRDA:71,10,1,0
BRDA:72,11,0,0
BRDA:72,11,1,0
BRDA:79,12,0,0
BRDA:82,13,0,0
BRDA:82,13,1,0
BRDA:86,14,0,0
BRDA:86,14,1,0
BRDA:87,15,0,0
BRDA:87,15,1,0
BRDA:110,16,0,0
BRDA:125,17,0,0
BRDA:141,18,0,0
BRDA:155,19,0,0
BRDA:175,20,0,0
BRDA:195,21,0,0
BRDA:203,22,0,0
BRDA:209,23,0,0
BRDA:212,24,0,0
BRDA:215,25,0,0
BRDA:220,26,0,0
BRDA:220,26,1,0
BRDA:221,27,0,0
BRDA:221,27,1,0
BRDA:228,28,0,0
BRDA:231,29,0,0
BRDA:231,29,1,0
BRDA:235,30,0,0
BRDA:235,30,1,0
BRDA:236,31,0,0
BRDA:236,31,1,0
BRDA:252,32,0,0
BRDA:267,33,0,0
BRDA:283,34,0,0
BRDA:297,35,0,0
BRDA:305,36,0,0
BRDA:317,37,0,0
BRDA:320,38,0,0
BRDA:323,39,0,0
BRDA:326,40,0,0
BRDA:331,41,0,0
BRDA:331,41,1,0
BRDA:332,42,0,0
BRDA:332,42,1,0
BRDA:339,43,0,0
BRDA:342,44,0,0
BRDA:342,44,1,0
BRDA:346,45,0,0
BRDA:346,45,1,0
BRDA:347,46,0,0
BRDA:347,46,1,0
BRDA:363,47,0,0
BRDA:378,48,0,0
BRDA:394,49,0,0
BRDA:409,50,0,0
BRDA:425,51,0,0
BRDA:433,52,0,0
BRDA:449,53,0,0
BRDA:452,54,0,0
BRDA:455,55,0,0
BRDA:458,56,0,0
BRDA:463,57,0,0
BRDA:463,57,1,0
BRDA:464,58,0,0
BRDA:464,58,1,0
BRDA:471,59,0,0
BRDA:474,60,0,0
BRDA:474,60,1,0
BRDA:478,61,0,0
BRDA:478,61,1,0
BRDA:479,62,0,0
BRDA:479,62,1,0
BRDA:495,63,0,0
BRDA:511,64,0,0
BRDA:525,65,0,0
BRDA:540,66,0,0
BRDA:555,67,0,0
BRDA:571,68,0,0
BRDA:585,69,0,0
BRDA:593,70,0,0
BRDA:599,71,0,0
BRDA:602,72,0,0
BRDA:605,73,0,0
BRDA:610,74,0,0
BRDA:610,74,1,0
BRDA:611,75,0,0
BRDA:611,75,1,0
BRDA:618,76,0,0
BRDA:621,77,0,0
BRDA:621,77,1,0
BRDA:625,78,0,0
BRDA:625,78,1,0
BRDA:626,79,0,0
BRDA:626,79,1,0
BRDA:642,80,0,0
BRDA:658,81,0,0
BRDA:679,82,0,0
BRF:112
BRH:0
end_of_record
TN:
SF:src\services\pos\cashier.service.ts
FN:16,(anonymous_0)
FN:43,(anonymous_1)
FN:99,(anonymous_2)
FN:123,(anonymous_3)
FN:147,(anonymous_4)
FN:186,(anonymous_5)
FN:211,(anonymous_6)
FN:226,(anonymous_7)
FN:241,(anonymous_8)
FN:258,(anonymous_9)
FN:311,(anonymous_10)
FN:339,(anonymous_11)
FN:354,(anonymous_12)
FN:370,(anonymous_13)
FN:390,(anonymous_14)
FN:405,(anonymous_15)
FN:428,(anonymous_16)
FN:449,(anonymous_17)
FN:465,(anonymous_18)
FN:480,(anonymous_19)
FN:496,(anonymous_20)
FN:511,(anonymous_21)
FN:531,(anonymous_22)
FN:547,(anonymous_23)
FN:563,(anonymous_24)
FN:581,(anonymous_25)
FN:601,(anonymous_26)
FN:615,(anonymous_27)
FN:642,(anonymous_28)
FN:657,(anonymous_29)
FN:672,(anonymous_30)
FN:688,(anonymous_31)
FNF:32
FNH:0
FNDA:0,(anonymous_0)
FNDA:0,(anonymous_1)
FNDA:0,(anonymous_2)
FNDA:0,(anonymous_3)
FNDA:0,(anonymous_4)
FNDA:0,(anonymous_5)
FNDA:0,(anonymous_6)
FNDA:0,(anonymous_7)
FNDA:0,(anonymous_8)
FNDA:0,(anonymous_9)
FNDA:0,(anonymous_10)
FNDA:0,(anonymous_11)
FNDA:0,(anonymous_12)
FNDA:0,(anonymous_13)
FNDA:0,(anonymous_14)
FNDA:0,(anonymous_15)
FNDA:0,(anonymous_16)
FNDA:0,(anonymous_17)
FNDA:0,(anonymous_18)
FNDA:0,(anonymous_19)
FNDA:0,(anonymous_20)
FNDA:0,(anonymous_21)
FNDA:0,(anonymous_22)
FNDA:0,(anonymous_23)
FNDA:0,(anonymous_24)
FNDA:0,(anonymous_25)
FNDA:0,(anonymous_26)
FNDA:0,(anonymous_27)
FNDA:0,(anonymous_28)
FNDA:0,(anonymous_29)
FNDA:0,(anonymous_30)
FNDA:0,(anonymous_31)
DA:1,0
DA:14,0
DA:17,0
DA:23,0
DA:30,0
DA:38,0
DA:44,0
DA:45,0
DA:58,0
DA:59,0
DA:61,0
DA:62,0
DA:64,0
DA:65,0
DA:67,0
DA:68,0
DA:70,0
DA:71,0
DA:75,0
DA:76,0
DA:77,0
DA:78,0
DA:79,0
DA:81,0
DA:83,0
DA:85,0
DA:95,0
DA:100,0
DA:101,0
DA:116,0
DA:117,0
DA:119,0
DA:124,0
DA:125,0
DA:139,0
DA:140,0
DA:142,0
DA:148,0
DA:149,0
DA:154,0
DA:155,0
DA:157,0
DA:158,0
DA:162,0
DA:163,0
DA:164,0
DA:165,0
DA:166,0
DA:168,0
DA:170,0
DA:172,0
DA:182,0
DA:187,0
DA:188,0
DA:204,0
DA:205,0
DA:207,0
DA:212,0
DA:213,0
DA:219,0
DA:220,0
DA:222,0
DA:227,0
DA:228,0
DA:234,0
DA:235,0
DA:237,0
DA:242,0
DA:243,0
DA:250,0
DA:251,0
DA:253,0
DA:259,0
DA:260,0
DA:273,0
DA:274,0
DA:276,0
DA:277,0
DA:279,0
DA:280,0
DA:282,0
DA:283,0
DA:287,0
DA:288,0
DA:289,0
DA:290,0
DA:291,0
DA:293,0
DA:295,0
DA:297,0
DA:307,0
DA:312,0
DA:313,0
DA:332,0
DA:333,0
DA:335,0
DA:340,0
DA:341,0
DA:347,0
DA:348,0
DA:350,0
DA:355,0
DA:356,0
DA:363,0
DA:364,0
DA:366,0
DA:371,0
DA:372,0
DA:382,0
DA:383,0
DA:385,0
DA:391,0
DA:392,0
DA:398,0
DA:399,0
DA:401,0
DA:406,0
DA:407,0
DA:420,0
DA:421,0
DA:423,0
DA:429,0
DA:430,0
DA:442,0
DA:443,0
DA:445,0
DA:450,0
DA:451,0
DA:457,0
DA:458,0
DA:460,0
DA:466,0
DA:467,0
DA:473,0
DA:474,0
DA:476,0
DA:481,0
DA:482,0
DA:488,0
DA:489,0
DA:491,0
DA:497,0
DA:498,0
DA:504,0
DA:505,0
DA:507,0
DA:512,0
DA:513,0
DA:524,0
DA:525,0
DA:527,0
DA:532,0
DA:533,0
DA:540,0
DA:541,0
DA:543,0
DA:548,0
DA:549,0
DA:555,0
DA:556,0
DA:558,0
DA:564,0
DA:565,0
DA:566,0
DA:567,0
DA:569,0
DA:576,0
DA:582,0
DA:583,0
DA:584,0
DA:585,0
DA:587,0
DA:599,0
DA:601,0
DA:602,0
DA:604,0
DA:611,0
DA:616,0
DA:617,0
DA:628,0
DA:629,0
DA:631,0
DA:632,0
DA:634,0
DA:635,0
DA:638,0
DA:640,0
DA:642,0
DA:643,0
DA:645,0
DA:652,0
DA:658,0
DA:659,0
DA:665,0
DA:666,0
DA:668,0
DA:673,0
DA:674,0
DA:680,0
DA:681,0
DA:683,0
DA:689,0
DA:690,0
DA:697,0
DA:698,0
DA:700,0
LF:206
LH:0
BRDA:31,0,0,0
BRDA:31,0,1,0
BRDA:32,1,0,0
BRDA:32,1,1,0
BRDA:33,2,0,0
BRDA:33,2,1,0
BRDA:34,3,0,0
BRDA:34,3,1,0
BRDA:43,4,0,0
BRDA:58,5,0,0
BRDA:61,6,0,0
BRDA:64,7,0,0
BRDA:67,8,0,0
BRDA:70,9,0,0
BRDA:75,10,0,0
BRDA:75,10,1,0
BRDA:76,11,0,0
BRDA:76,11,1,0
BRDA:83,12,0,0
BRDA:86,13,0,0
BRDA:86,13,1,0
BRDA:90,14,0,0
BRDA:90,14,1,0
BRDA:91,15,0,0
BRDA:91,15,1,0
BRDA:116,16,0,0
BRDA:139,17,0,0
BRDA:147,18,0,0
BRDA:154,19,0,0
BRDA:157,20,0,0
BRDA:162,21,0,0
BRDA:162,21,1,0
BRDA:163,22,0,0
BRDA:163,22,1,0
BRDA:170,23,0,0
BRDA:173,24,0,0
BRDA:173,24,1,0
BRDA:177,25,0,0
BRDA:177,25,1,0
BRDA:178,26,0,0
BRDA:178,26,1,0
BRDA:204,27,0,0
BRDA:219,28,0,0
BRDA:234,29,0,0
BRDA:250,30,0,0
BRDA:258,31,0,0
BRDA:273,32,0,0
BRDA:276,33,0,0
BRDA:279,34,0,0
BRDA:282,35,0,0
BRDA:287,36,0,0
BRDA:287,36,1,0
BRDA:288,37,0,0
BRDA:288,37,1,0
BRDA:295,38,0,0
BRDA:298,39,0,0
BRDA:298,39,1,0
BRDA:302,40,0,0
BRDA:302,40,1,0
BRDA:303,41,0,0
BRDA:303,41,1,0
BRDA:332,42,0,0
BRDA:347,43,0,0
BRDA:363,44,0,0
BRDA:382,45,0,0
BRDA:398,46,0,0
BRDA:420,47,0,0
BRDA:442,48,0,0
BRDA:457,49,0,0
BRDA:473,50,0,0
BRDA:488,51,0,0
BRDA:504,52,0,0
BRDA:524,53,0,0
BRDA:540,54,0,0
BRDA:540,55,0,0
BRDA:540,55,1,0
BRDA:555,56,0,0
BRDA:599,57,0,0
BRDA:601,58,0,0
BRDA:601,58,1,0
BRDA:602,59,0,0
BRDA:602,59,1,0
BRDA:608,60,0,0
BRDA:608,60,1,0
BRDA:615,61,0,0
BRDA:628,62,0,0
BRDA:631,63,0,0
BRDA:634,64,0,0
BRDA:640,65,0,0
BRDA:642,66,0,0
BRDA:642,66,1,0
BRDA:643,67,0,0
BRDA:643,67,1,0
BRDA:648,68,0,0
BRDA:648,68,1,0
BRDA:665,69,0,0
BRDA:680,70,0,0
BRDA:697,71,0,0
BRF:98
BRH:0
end_of_record
TN:
SF:src\types\index.ts
FNF:0
FNH:0
DA:3,0
DA:4,0
LF:2
LH:0
BRF:0
BRH:0
end_of_record
TN:
SF:src\utils\index.ts
FN:4,(anonymous_0)
FN:9,(anonymous_1)
FN:14,(anonymous_2)
FN:19,(anonymous_3)
FN:24,(anonymous_4)
FN:29,(anonymous_5)
FN:34,(anonymous_6)
FN:39,(anonymous_7)
FN:44,(anonymous_8)
FN:49,(anonymous_9)
FN:54,(anonymous_10)
FN:62,(anonymous_11)
FN:67,(anonymous_12)
FN:76,(anonymous_13)
FNF:14
FNH:0
FNDA:0,(anonymous_0)
FNDA:0,(anonymous_1)
FNDA:0,(anonymous_2)
FNDA:0,(anonymous_3)
FNDA:0,(anonymous_4)
FNDA:0,(anonymous_5)
FNDA:0,(anonymous_6)
FNDA:0,(anonymous_7)
FNDA:0,(anonymous_8)
FNDA:0,(anonymous_9)
FNDA:0,(anonymous_10)
FNDA:0,(anonymous_11)
FNDA:0,(anonymous_12)
FNDA:0,(anonymous_13)
DA:4,0
DA:6,0
DA:9,0
DA:11,0
DA:14,0
DA:16,0
DA:19,0
DA:21,0
DA:24,0
DA:26,0
DA:29,0
DA:31,0
DA:34,0
DA:36,0
DA:39,0
DA:41,0
DA:44,0
DA:46,0
DA:49,0
DA:51,0
DA:54,0
DA:56,0
DA:62,0
DA:64,0
DA:67,0
DA:69,0
DA:76,0
DA:78,0
DA:79,0
LF:29
LH:0
BRDA:44,0,0,0
BRDA:57,1,0,0
BRDA:57,1,1,0
BRDA:58,2,0,0
BRDA:58,2,1,0
BRF:5
BRH:0
end_of_record
TN:
SF:src\utils\jwt.ts
FN:6,(anonymous_1)
FN:16,(anonymous_2)
FN:26,(anonymous_3)
FN:37,(anonymous_4)
FNF:4
FNH:2
FNDA:2,(anonymous_1)
FNDA:2,(anonymous_2)
FNDA:0,(anonymous_3)
FNDA:0,(anonymous_4)
DA:1,2
DA:2,2
DA:5,2
DA:7,2
DA:9,2
DA:17,2
DA:19,2
DA:27,0
DA:28,0
DA:33,0
DA:38,0
DA:39,0
DA:42,0
DA:43,0
DA:44,0
DA:47,0
LF:16
LH:7
BRDA:7,0,0,2
BRDA:7,0,1,0
BRDA:17,1,0,2
BRDA:17,1,1,0
BRDA:38,2,0,0
BRDA:43,3,0,0
BRDA:43,4,0,0
BRDA:43,4,1,0
BRF:8
BRH:2
end_of_record
TN:
SF:src\utils\password.ts
FN:6,(anonymous_1)
FN:10,(anonymous_2)
FN:14,(anonymous_3)
FNF:3
FNH:1
FNDA:0,(anonymous_1)
FNDA:0,(anonymous_2)
FNDA:1,(anonymous_3)
DA:1,2
DA:3,2
DA:4,2
DA:7,0
DA:11,0
DA:15,1
DA:17,1
DA:18,0
DA:21,1
DA:22,0
DA:25,1
DA:26,0
DA:29,1
DA:30,0
DA:33,1
DA:34,0
DA:37,1
LF:17
LH:10
BRDA:17,0,0,0
BRDA:21,1,0,0
BRDA:25,2,0,0
BRDA:29,3,0,0
BRDA:33,4,0,0
BRF:5
BRH:0
end_of_record
TN:
SF:src\utils\validation.ts
FN:79,(anonymous_1)
FN:80,(anonymous_2)
FN:86,(anonymous_3)
FNF:3
FNH:0
FNDA:0,(anonymous_1)
FNDA:0,(anonymous_2)
FNDA:0,(anonymous_3)
DA:1,0
DA:3,0
DA:79,0
DA:80,0
DA:81,0
DA:82,0
DA:83,0
DA:86,0
DA:89,0
LF:9
LH:0
BRDA:82,0,0,0
BRF:1
BRH:0
end_of_record
